<?xml version="1.0" encoding="UTF-8"?>
<testng-results skipped="0" failed="0" ignored="0" total="1" passed="1">
  <reporter-output>
  </reporter-output>
  <suite name="Cucumber-Demo" duration-ms="22014" started-at="2020-11-02T08:58:42Z" finished-at="2020-11-02T08:59:04Z">
    <groups>
      <group name="cucumber">
        <method signature="AbstractTestNGCucumberTests.runScenario(io.cucumber.testng.PickleWrapper, io.cucumber.testng.FeatureWrapper)[pri:0, instance:com.qa.TestRunner.TestRunner@178826f]" name="runScenario" class="io.cucumber.testng.AbstractTestNGCucumberTests"/>
      </group> <!-- cucumber -->
    </groups>
    <test name="LoginPage - chrome" duration-ms="22014" started-at="2020-11-02T08:58:42Z" finished-at="2020-11-02T08:59:04Z">
      <class name="com.qa.TestRunner.TestRunner">
        <test-method status="PASS" signature="setUpClass()[pri:0, instance:com.qa.TestRunner.TestRunner@178826f]" name="setUpClass" is-config="true" duration-ms="2015" started-at="2020-11-02T08:58:42Z" finished-at="2020-11-02T08:58:44Z">
          <reporter-output>
          </reporter-output>
        </test-method> <!-- setUpClass -->
        <test-method status="PASS" signature="runScenario(io.cucumber.testng.PickleWrapper, io.cucumber.testng.FeatureWrapper)[pri:0, instance:com.qa.TestRunner.TestRunner@178826f]" name="runScenario" duration-ms="19396" started-at="2020-11-02T08:58:44Z" description="Runs Cucumber Scenarios" data-provider="scenarios" finished-at="2020-11-02T08:59:03Z">
          <params>
            <param index="0">
              <value>
                <![CDATA["This scenario is to test the Invalid Sign In Scenario"]]>
              </value>
            </param>
            <param index="1">
              <value>
                <![CDATA["Optional[Sign In Module Scenarios]"]]>
              </value>
            </param>
          </params>
          <reporter-output>
          </reporter-output>
        </test-method> <!-- runScenario -->
        <test-method status="PASS" signature="tearDownClass()[pri:0, instance:com.qa.TestRunner.TestRunner@178826f]" name="tearDownClass" is-config="true" duration-ms="216" started-at="2020-11-02T08:59:04Z" finished-at="2020-11-02T08:59:04Z">
          <reporter-output>
          </reporter-output>
        </test-method> <!-- tearDownClass -->
      </class> <!-- com.qa.TestRunner.TestRunner -->
    </test> <!-- LoginPage - chrome -->
  </suite> <!-- Cucumber-Demo -->
</testng-results>
