<?xml version="1.0" encoding="UTF-8"?>
<testng-results skipped="0" failed="0" ignored="0" total="0" passed="0">
  <reporter-output>
  </reporter-output>
  <suite name="Cucumber-Demo" duration-ms="2915" started-at="2020-11-02T07:44:51Z" finished-at="2020-11-02T07:44:54Z">
    <groups>
      <group name="cucumber">
        <method signature="AbstractTestNGCucumberTests.runScenario(io.cucumber.testng.PickleWrapper, io.cucumber.testng.FeatureWrapper)[pri:0, instance:com.qa.TestRunner.TestRunner@6b5966e1]" name="runScenario" class="io.cucumber.testng.AbstractTestNGCucumberTests"/>
      </group> <!-- cucumber -->
    </groups>
    <test name="LoginPage - chrome" duration-ms="2915" started-at="2020-11-02T07:44:51Z" finished-at="2020-11-02T07:44:54Z">
      <class name="com.qa.TestRunner.TestRunner">
        <test-method status="PASS" signature="setUpClass()[pri:0, instance:com.qa.TestRunner.TestRunner@6b5966e1]" name="setUpClass" is-config="true" duration-ms="2646" started-at="2020-11-02T07:44:51Z" finished-at="2020-11-02T07:44:54Z">
          <reporter-output>
          </reporter-output>
        </test-method> <!-- setUpClass -->
        <test-method status="PASS" signature="tearDownClass()[pri:0, instance:com.qa.TestRunner.TestRunner@6b5966e1]" name="tearDownClass" is-config="true" duration-ms="155" started-at="2020-11-02T07:44:54Z" finished-at="2020-11-02T07:44:54Z">
          <reporter-output>
          </reporter-output>
        </test-method> <!-- tearDownClass -->
      </class> <!-- com.qa.TestRunner.TestRunner -->
    </test> <!-- LoginPage - chrome -->
  </suite> <!-- Cucumber-Demo -->
</testng-results>
